Copyright 1986-2021 Xilinx, Inc. All Rights Reserved.
----------------------------------------------------------------------------------------------------------------------------------------------------------
| Tool Version     : Vivado v.2021.1 (win64) Build 3247384 Thu Jun 10 19:36:33 MDT 2021
| Date             : Tue Jun 28 12:33:44 2022
| Host             : LAPTOP-MVFJNUAM running 64-bit major release  (build 9200)
| Command          : report_power -file controlaforo_power_routed.rpt -pb controlaforo_power_summary_routed.pb -rpx controlaforo_power_routed.rpx
| Design           : controlaforo
| Device           : xc7a100tcsg324-1
| Design State     : routed
| Grade            : commercial
| Process          : typical
| Characterization : Production
----------------------------------------------------------------------------------------------------------------------------------------------------------

Power Report

Table of Contents
-----------------
1. Summary
1.1 On-Chip Components
1.2 Power Supply Summary
1.3 Confidence Level
2. Settings
2.1 Environment
2.2 Clock Constraints
3. Detailed Reports
3.1 By Hierarchy

1. Summary
----------

+--------------------------+--------------+
| Total On-Chip Power (W)  | 1.574        |
| Design Power Budget (W)  | Unspecified* |
| Power Budget Margin (W)  | NA           |
| Dynamic (W)              | 1.472        |
| Device Static (W)        | 0.102        |
| Effective TJA (C/W)      | 4.6          |
| Max Ambient (C)          | 77.8         |
| Junction Temperature (C) | 32.2         |
| Confidence Level         | Low          |
| Setting File             | ---          |
| Simulation Activity File | ---          |
| Design Nets Matched      | NA           |
+--------------------------+--------------+
* Specify Design Power Budget using, set_operating_conditions -design_power_budget <value in Watts>


1.1 On-Chip Components
----------------------

+-------------------------+-----------+----------+-----------+-----------------+
| On-Chip                 | Power (W) | Used     | Available | Utilization (%) |
+-------------------------+-----------+----------+-----------+-----------------+
| Slice Logic             |     0.619 |      341 |       --- |             --- |
|   LUT as Logic          |     0.551 |       97 |     63400 |            0.15 |
|   Register              |     0.024 |      145 |    126800 |            0.11 |
|   LUT as Shift Register |     0.018 |        9 |     19000 |            0.05 |
|   CARRY4                |     0.011 |       19 |     15850 |            0.12 |
|   F7/F8 Muxes           |     0.009 |        4 |     63400 |           <0.01 |
|   BUFG                  |     0.006 |        2 |        32 |            6.25 |
|   Others                |     0.000 |       49 |       --- |             --- |
| Signals                 |     0.517 |      257 |       --- |             --- |
| I/O                     |     0.336 |       36 |       210 |           17.14 |
| Static Power            |     0.102 |          |           |                 |
| Total                   |     1.574 |          |           |                 |
+-------------------------+-----------+----------+-----------+-----------------+


1.2 Power Supply Summary
------------------------

+-----------+-------------+-----------+-------------+------------+-------------+-------------+------------+
| Source    | Voltage (V) | Total (A) | Dynamic (A) | Static (A) | Powerup (A) | Budget (A)  | Margin (A) |
+-----------+-------------+-----------+-------------+------------+-------------+-------------+------------+
| Vccint    |       1.000 |     1.211 |       1.191 |      0.019 |       NA    | Unspecified | NA         |
| Vccaux    |       1.800 |     0.029 |       0.010 |      0.019 |       NA    | Unspecified | NA         |
| Vcco33    |       3.300 |     0.083 |       0.079 |      0.004 |       NA    | Unspecified | NA         |
| Vcco25    |       2.500 |     0.000 |       0.000 |      0.000 |       NA    | Unspecified | NA         |
| Vcco18    |       1.800 |     0.000 |       0.000 |      0.000 |       NA    | Unspecified | NA         |
| Vcco15    |       1.500 |     0.000 |       0.000 |      0.000 |       NA    | Unspecified | NA         |
| Vcco135   |       1.350 |     0.000 |       0.000 |      0.000 |       NA    | Unspecified | NA         |
| Vcco12    |       1.200 |     0.000 |       0.000 |      0.000 |       NA    | Unspecified | NA         |
| Vccaux_io |       1.800 |     0.000 |       0.000 |      0.000 |       NA    | Unspecified | NA         |
| Vccbram   |       1.000 |     0.000 |       0.000 |      0.000 |       NA    | Unspecified | NA         |
| MGTAVcc   |       1.000 |     0.000 |       0.000 |      0.000 |       NA    | Unspecified | NA         |
| MGTAVtt   |       1.200 |     0.000 |       0.000 |      0.000 |       NA    | Unspecified | NA         |
| Vccadc    |       1.800 |     0.020 |       0.000 |      0.020 |       NA    | Unspecified | NA         |
+-----------+-------------+-----------+-------------+------------+-------------+-------------+------------+


1.3 Confidence Level
--------------------

+-----------------------------+------------+--------------------------------------------------------+--------------------------------------------------------------------------------------------------------------------+
| User Input Data             | Confidence | Details                                                | Action                                                                                                             |
+-----------------------------+------------+--------------------------------------------------------+--------------------------------------------------------------------------------------------------------------------+
| Design implementation state | High       | Design is routed                                       |                                                                                                                    |
| Clock nodes activity        | Low        | User specified less than 75% of clocks                 | Provide missing clock activity with a constraint file, simulation results or by editing the "By Clock Domain" view |
| I/O nodes activity          | Low        | More than 75% of inputs are missing user specification | Provide missing input activity with simulation results or by editing the "By Resource Type -> I/Os" view           |
| Internal nodes activity     | Medium     | User specified less than 25% of internal nodes         | Provide missing internal nodes activity with simulation results or by editing the "By Resource Type" views         |
| Device models               | High       | Device models are Production                           |                                                                                                                    |
|                             |            |                                                        |                                                                                                                    |
| Overall confidence level    | Low        |                                                        |                                                                                                                    |
+-----------------------------+------------+--------------------------------------------------------+--------------------------------------------------------------------------------------------------------------------+


2. Settings
-----------

2.1 Environment
---------------

+-----------------------+--------------------------+
| Ambient Temp (C)      | 25.0                     |
| ThetaJA (C/W)         | 4.6                      |
| Airflow (LFM)         | 250                      |
| Heat Sink             | medium (Medium Profile)  |
| ThetaSA (C/W)         | 4.6                      |
| Board Selection       | medium (10"x10")         |
| # of Board Layers     | 12to15 (12 to 15 Layers) |
| Board Temperature (C) | 25.0                     |
+-----------------------+--------------------------+


2.2 Clock Constraints
---------------------

+-------+--------+-----------------+
| Clock | Domain | Constraint (ns) |
+-------+--------+-----------------+


3. Detailed Reports
-------------------

3.1 By Hierarchy
----------------

+--------------------+-----------+
| Name               | Power (W) |
+--------------------+-----------+
| controlaforo       |     1.472 |
|   ABOTE1Edge       |     0.012 |
|   ABOTE1Sync       |     0.003 |
|   ABOTE2Edge       |     0.009 |
|   ABOTE2Sync       |     0.004 |
|   Botevacio1Sync   |     0.003 |
|   Botevacio2Sync   |     0.004 |
|   CENsync          |     0.004 |
|   EntradaEdge      |     0.012 |
|   EntradaSync      |     0.003 |
|   Rearme1Sync      |     0.004 |
|   Rearme2Sync      |     0.004 |
|   SalidaEdge       |     0.015 |
|   SalidaSync       |     0.004 |
|   botevacio1Edge   |     0.014 |
|   botevacio2Edge   |     0.010 |
|   c_enedge         |     0.019 |
|   contadorbote1    |     0.001 |
|   contadorbote2    |     0.009 |
|   cuentaaforo      |     0.458 |
|   display          |     0.313 |
|   maquinabote1     |     0.004 |
|   preescaler_10khz |     0.112 |
|   rearme1edge      |     0.018 |
|   rearme2edge      |     0.028 |
+--------------------+-----------+


