#-----------------------------------------------------------
# Vivado v2021.1 (64-bit)
# SW Build 3247384 on Thu Jun 10 19:36:33 MDT 2021
# IP Build 3246043 on Fri Jun 11 00:30:35 MDT 2021
# Start of session at: Sat Jun 25 17:16:29 2022
# Process ID: 1486272
# Current directory: C:/Users/dsanc/TrabajoVHDLAforo
# Command line: vivado.exe -gui_launcher_event rodinguilauncherevent1487312 C:\Users\dsanc\TrabajoVHDLAforo\TrabajoVHDLAforo.xpr
# Log file: C:/Users/dsanc/TrabajoVHDLAforo/vivado.log
# Journal file: C:/Users/dsanc/TrabajoVHDLAforo\vivado.jou
#-----------------------------------------------------------
start_gui
open_project C:/Users/dsanc/TrabajoVHDLAforo/TrabajoVHDLAforo.xpr
WARNING: [filemgmt 56-3] Default IP Output Path : Could not find the directory 'C:open_project C:/Users/dsanc/OneDrive/Documentos/GitHub/AforoVHDL/TrabajoVHDLAforo/TrabajoVHDLAforo.xpr
INFO: [Common 17-41] Interrupt caught. Command should exit soon.
INFO: [Common 17-344] 'open_project' was cancelled
exit
INFO: [Common 17-206] Exiting Vivado at Mon Jun 27 04:53:21 2022...
1/data/ip'.
open_project: Time (s): cpu = 00:00:45 ; elapsed = 00:00:18 . Memory (MB): peak = 1134.895 ; gain = 0.000
update_compile_order -fileset sources_1
launch_simulation
Command: launch_simulation 
INFO: [Vivado 12-12493] Simulation top is 'cfg_tb_maquina_botes'
INFO: [Vivado 12-5682] Launching behavioral simulation in 'C:/Users/dsanc/TrabajoVHDLAforo/TrabajoVHDLAforo.sim/sim_1/behav/xsim'
INFO: [SIM-utils-51] Simulation object is 'sim_1'
INFO: [SIM-utils-72] Using boost library from 'C:/Xilinx/Vivado/2021.1/tps/boost_1_72_0'
INFO: [SIM-utils-54] Inspecting design source files for 'cfg_tb_maquina_botes' in fileset 'sim_1'...
INFO: [USF-XSim-97] Finding global include files...
INFO: [USF-XSim-98] Fetching design files from 'sim_1'...
INFO: [USF-XSim-2] XSim::Compile design
INFO: [USF-XSim-61] Executing 'COMPILE and ANALYZE' step in 'C:/Users/dsanc/TrabajoVHDLAforo/TrabajoVHDLAforo.sim/sim_1/behav/xsim'
"xvhdl --incr --relax -prj cfg_tb_maquina_botes_vhdl.prj"
INFO: [VRFC 10-163] Analyzing VHDL file "C:/Users/dsanc/TrabajoVHDLAforo/TrabajoVHDLAforo.srcs/sources_1/new/maquina_botes.vhd" into library xil_defaultlib
INFO: [VRFC 10-3107] analyzing entity 'maquina_botes'
INFO: [USF-XSim-69] 'compile' step finished in '4' seconds
INFO: [USF-XSim-3] XSim::Elaborate design
INFO: [USF-XSim-61] Executing 'ELABORATE' step in 'C:/Users/dsanc/TrabajoVHDLAforo/TrabajoVHDLAforo.sim/sim_1/behav/xsim'
"xelab -wto 77caf6140b714021b595b284422ea139 --incr --debug typical --relax --mt 2 -L xil_defaultlib -L secureip --snapshot cfg_tb_maquina_botes_behav xil_defaultlib.cfg_tb_maquina_botes -log elaborate.log"
Vivado Simulator v2021.1
Copyright 1986-1999, 2001-2021 Xilinx, Inc. All Rights Reserved.
Running: C:/Xilinx/Vivado/2021.1/bin/unwrapped/win64.o/xelab.exe -wto 77caf6140b714021b595b284422ea139 --incr --debug typical --relax --mt 2 -L xil_defaultlib -L secureip --snapshot cfg_tb_maquina_botes_behav xil_defaultlib.cfg_tb_maquina_botes -log elaborate.log 
Using 2 slave threads.
Starting static elaboration
Completed static elaboration
Starting simulation data flow analysis
Completed simulation data flow analysis
Time Resolution for simulation is 1ps
Compiling package std.standard
Compiling package std.textio
Compiling package ieee.std_logic_1164
Compiling package ieee.std_logic_arith
Compiling package ieee.std_logic_unsigned
Compiling architecture behavioral of entity xil_defaultlib.maquina_botes [maquina_botes_default]
Compiling architecture tb of entity xil_defaultlib.tb_maquina_botes [tb_maquina_botes]
Built simulation snapshot cfg_tb_maquina_botes_behav
run_program: Time (s): cpu = 00:00:01 ; elapsed = 00:00:09 . Memory (MB): peak = 1134.895 ; gain = 0.000
INFO: [USF-XSim-69] 'elaborate' step finished in '8' seconds
INFO: [USF-XSim-4] XSim::Simulate design
INFO: [USF-XSim-61] Executing 'SIMULATE' step in 'C:/Users/dsanc/TrabajoVHDLAforo/TrabajoVHDLAforo.sim/sim_1/behav/xsim'
INFO: [USF-XSim-98] *** Running xsim
   with args "cfg_tb_maquina_botes_behav -key {Behavioral:sim_1:Functional:cfg_tb_maquina_botes} -tclbatch {cfg_tb_maquina_botes.tcl} -log {simulate.log}"
INFO: [USF-XSim-8] Loading simulator feature
Time resolution is 1 ps
source cfg_tb_maquina_botes.tcl
# set curr_wave [current_wave_config]
# if { [string length $curr_wave] == 0 } {
#   if { [llength [get_objects]] > 0} {
#     add_wave /
#     set_property needs_save false [current_wave_config]
#   } else {
#      send_msg_id Add_Wave-1 WARNING "No top level signals found. Simulator will start without a wave window. If you want to open a wave window go to 'File->New Waveform Configuration' or type 'create_wave_config' in the TCL console."
#   }
# }
# run 1000ns
xsim: Time (s): cpu = 00:00:11 ; elapsed = 00:00:06 . Memory (MB): peak = 1134.895 ; gain = 0.000
INFO: [USF-XSim-96] XSim completed. Design snapshot 'cfg_tb_maquina_botes_behav' loaded.
INFO: [USF-XSim-97] XSim simulation ran for 1000ns
launch_simulation: Time (s): cpu = 00:00:15 ; elapsed = 00:00:20 . Memory (MB): peak = 1134.895 ; gain = 0.000
close_sim
INFO: [Simtcl 6-16] Simulation closed
launch_simulation
Command: launch_simulation 
INFO: [Vivado 12-12493] Simulation top is 'cfg_tb_maquina_botes'
INFO: [Vivado 12-5682] Launching behavioral simulation in 'C:/Users/dsanc/TrabajoVHDLAforo/TrabajoVHDLAforo.sim/sim_1/behav/xsim'
INFO: [SIM-utils-51] Simulation object is 'sim_1'
INFO: [SIM-utils-72] Using boost library from 'C:/Xilinx/Vivado/2021.1/tps/boost_1_72_0'
INFO: [SIM-utils-54] Inspecting design source files for 'cfg_tb_maquina_botes' in fileset 'sim_1'...
INFO: [USF-XSim-97] Finding global include files...
INFO: [USF-XSim-98] Fetching design files from 'sim_1'...
INFO: [USF-XSim-2] XSim::Compile design
INFO: [USF-XSim-61] Executing 'COMPILE and ANALYZE' step in 'C:/Users/dsanc/TrabajoVHDLAforo/TrabajoVHDLAforo.sim/sim_1/behav/xsim'
"xvhdl --incr --relax -prj cfg_tb_maquina_botes_vhdl.prj"
INFO: [VRFC 10-163] Analyzing VHDL file "C:/Users/dsanc/TrabajoVHDLAforo/TrabajoVHDLAforo.srcs/sources_1/new/maquina_botes.vhd" into library xil_defaultlib
INFO: [VRFC 10-3107] analyzing entity 'maquina_botes'
INFO: [USF-XSim-69] 'compile' step finished in '3' seconds
INFO: [USF-XSim-3] XSim::Elaborate design
INFO: [USF-XSim-61] Executing 'ELABORATE' step in 'C:/Users/dsanc/TrabajoVHDLAforo/TrabajoVHDLAforo.sim/sim_1/behav/xsim'
"xelab -wto 77caf6140b714021b595b284422ea139 --incr --debug typical --relax --mt 2 -L xil_defaultlib -L secureip --snapshot cfg_tb_maquina_botes_behav xil_defaultlib.cfg_tb_maquina_botes -log elaborate.log"
Vivado Simulator v2021.1
Copyright 1986-1999, 2001-2021 Xilinx, Inc. All Rights Reserved.
Running: C:/Xilinx/Vivado/2021.1/bin/unwrapped/win64.o/xelab.exe -wto 77caf6140b714021b595b284422ea139 --incr --debug typical --relax --mt 2 -L xil_defaultlib -L secureip --snapshot cfg_tb_maquina_botes_behav xil_defaultlib.cfg_tb_maquina_botes -log elaborate.log 
Using 2 slave threads.
Starting static elaboration
Completed static elaboration
Starting simulation data flow analysis
Completed simulation data flow analysis
Time Resolution for simulation is 1ps
Compiling package std.standard
Compiling package std.textio
Compiling package ieee.std_logic_1164
Compiling package ieee.std_logic_arith
Compiling package ieee.std_logic_unsigned
Compiling architecture behavioral of entity xil_defaultlib.maquina_botes [maquina_botes_default]
Compiling architecture tb of entity xil_defaultlib.tb_maquina_botes [tb_maquina_botes]
Built simulation snapshot cfg_tb_maquina_botes_behav
run_program: Time (s): cpu = 00:00:01 ; elapsed = 00:00:06 . Memory (MB): peak = 1134.895 ; gain = 0.000
INFO: [USF-XSim-69] 'elaborate' step finished in '6' seconds
INFO: [USF-XSim-4] XSim::Simulate design
INFO: [USF-XSim-61] Executing 'SIMULATE' step in 'C:/Users/dsanc/TrabajoVHDLAforo/TrabajoVHDLAforo.sim/sim_1/behav/xsim'
INFO: [USF-XSim-98] *** Running xsim
   with args "cfg_tb_maquina_botes_behav -key {Behavioral:sim_1:Functional:cfg_tb_maquina_botes} -tclbatch {cfg_tb_maquina_botes.tcl} -log {simulate.log}"
INFO: [USF-XSim-8] Loading simulator feature
Time resolution is 1 ps
source cfg_tb_maquina_botes.tcl
# set curr_wave [current_wave_config]
# if { [string length $curr_wave] == 0 } {
#   if { [llength [get_objects]] > 0} {
#     add_wave /
#     set_property needs_save false [current_wave_config]
#   } else {
#      send_msg_id Add_Wave-1 WARNING "No top level signals found. Simulator will start without a wave window. If you want to open a wave window go to 'File->New Waveform Configuration' or type 'create_wave_config' in the TCL console."
#   }
# }
# run 1000ns
INFO: [USF-XSim-96] XSim completed. Design snapshot 'cfg_tb_maquina_botes_behav' loaded.
INFO: [USF-XSim-97] XSim simulation ran for 1000ns
launch_simulation: Time (s): cpu = 00:00:05 ; elapsed = 00:00:12 . Memory (MB): peak = 1134.895 ; gain = 0.000
close_sim
INFO: [Simtcl 6-16] Simulation closed
launch_simulation
Command: launch_simulation 
INFO: [Vivado 12-12493] Simulation top is 'cfg_tb_maquina_botes'
INFO: [Vivado 12-5682] Launching behavioral simulation in 'C:/Users/dsanc/TrabajoVHDLAforo/TrabajoVHDLAforo.sim/sim_1/behav/xsim'
INFO: [SIM-utils-51] Simulation object is 'sim_1'
INFO: [SIM-utils-72] Using boost library from 'C:/Xilinx/Vivado/2021.1/tps/boost_1_72_0'
INFO: [SIM-utils-54] Inspecting design source files for 'cfg_tb_maquina_botes' in fileset 'sim_1'...
INFO: [USF-XSim-97] Finding global include files...
INFO: [USF-XSim-98] Fetching design files from 'sim_1'...
INFO: [USF-XSim-2] XSim::Compile design
INFO: [USF-XSim-61] Executing 'COMPILE and ANALYZE' step in 'C:/Users/dsanc/TrabajoVHDLAforo/TrabajoVHDLAforo.sim/sim_1/behav/xsim'
"xvhdl --incr --relax -prj cfg_tb_maquina_botes_vhdl.prj"
INFO: [VRFC 10-163] Analyzing VHDL file "C:/Users/dsanc/TrabajoVHDLAforo/TrabajoVHDLAforo.srcs/sim_1/new/maquina_botes_tb.vhd" into library xil_defaultlib
INFO: [VRFC 10-3107] analyzing entity 'tb_maquina_botes'
INFO: [USF-XSim-69] 'compile' step finished in '4' seconds
INFO: [USF-XSim-3] XSim::Elaborate design
INFO: [USF-XSim-61] Executing 'ELABORATE' step in 'C:/Users/dsanc/TrabajoVHDLAforo/TrabajoVHDLAforo.sim/sim_1/behav/xsim'
"xelab -wto 77caf6140b714021b595b284422ea139 --incr --debug typical --relax --mt 2 -L xil_defaultlib -L secureip --snapshot cfg_tb_maquina_botes_behav xil_defaultlib.cfg_tb_maquina_botes -log elaborate.log"
Vivado Simulator v2021.1
Copyright 1986-1999, 2001-2021 Xilinx, Inc. All Rights Reserved.
Running: C:/Xilinx/Vivado/2021.1/bin/unwrapped/win64.o/xelab.exe -wto 77caf6140b714021b595b284422ea139 --incr --debug typical --relax --mt 2 -L xil_defaultlib -L secureip --snapshot cfg_tb_maquina_botes_behav xil_defaultlib.cfg_tb_maquina_botes -log elaborate.log 
Using 2 slave threads.
Starting static elaboration
Completed static elaboration
Starting simulation data flow analysis
Completed simulation data flow analysis
Time Resolution for simulation is 1ps
Compiling package std.standard
Compiling package std.textio
Compiling package ieee.std_logic_1164
Compiling package ieee.std_logic_arith
Compiling package ieee.std_logic_unsigned
Compiling architecture behavioral of entity xil_defaultlib.maquina_botes [maquina_botes_default]
Compiling architecture tb of entity xil_defaultlib.tb_maquina_botes [tb_maquina_botes]
Built simulation snapshot cfg_tb_maquina_botes_behav
run_program: Time (s): cpu = 00:00:00 ; elapsed = 00:00:08 . Memory (MB): peak = 1134.895 ; gain = 0.000
INFO: [USF-XSim-69] 'elaborate' step finished in '7' seconds
INFO: [USF-XSim-4] XSim::Simulate design
INFO: [USF-XSim-61] Executing 'SIMULATE' step in 'C:/Users/dsanc/TrabajoVHDLAforo/TrabajoVHDLAforo.sim/sim_1/behav/xsim'
INFO: [USF-XSim-98] *** Running xsim
   with args "cfg_tb_maquina_botes_behav -key {Behavioral:sim_1:Functional:cfg_tb_maquina_botes} -tclbatch {cfg_tb_maquina_botes.tcl} -log {simulate.log}"
INFO: [USF-XSim-8] Loading simulator feature
Time resolution is 1 ps
source cfg_tb_maquina_botes.tcl
# set curr_wave [current_wave_config]
# if { [string length $curr_wave] == 0 } {
#   if { [llength [get_objects]] > 0} {
#     add_wave /
#     set_property needs_save false [current_wave_config]
#   } else {
#      send_msg_id Add_Wave-1 WARNING "No top level signals found. Simulator will start without a wave window. If you want to open a wave window go to 'File->New Waveform Configuration' or type 'create_wave_config' in the TCL console."
#   }
# }
# run 1000ns
INFO: [USF-XSim-96] XSim completed. Design snapshot 'cfg_tb_maquina_botes_behav' loaded.
INFO: [USF-XSim-97] XSim simulation ran for 1000ns
launch_simulation: Time (s): cpu = 00:00:06 ; elapsed = 00:00:15 . Memory (MB): peak = 1134.895 ; gain = 0.000
close_sim
INFO: [Simtcl 6-16] Simulation closed
close_sim: Time (s): cpu = 00:00:02 ; elapsed = 00:00:11 . Memory (MB): peak = 1134.895 ; gain = 0.000
launch_simulation
Command: launch_simulation 
INFO: [Vivado 12-12493] Simulation top is 'cfg_tb_maquina_botes'
INFO: [Vivado 12-5682] Launching behavioral simulation in 'C:/Users/dsanc/TrabajoVHDLAforo/TrabajoVHDLAforo.sim/sim_1/behav/xsim'
INFO: [SIM-utils-51] Simulation object is 'sim_1'
INFO: [SIM-utils-72] Using boost library from 'C:/Xilinx/Vivado/2021.1/tps/boost_1_72_0'
INFO: [SIM-utils-54] Inspecting design source files for 'cfg_tb_maquina_botes' in fileset 'sim_1'...
INFO: [USF-XSim-97] Finding global include files...
INFO: [USF-XSim-98] Fetching design files from 'sim_1'...
INFO: [USF-XSim-2] XSim::Compile design
INFO: [USF-XSim-61] Executing 'COMPILE and ANALYZE' step in 'C:/Users/dsanc/TrabajoVHDLAforo/TrabajoVHDLAforo.sim/sim_1/behav/xsim'
"xvhdl --incr --relax -prj cfg_tb_maquina_botes_vhdl.prj"
INFO: [VRFC 10-163] Analyzing VHDL file "C:/Users/dsanc/TrabajoVHDLAforo/TrabajoVHDLAforo.srcs/sources_1/new/maquina_botes.vhd" into library xil_defaultlib
INFO: [VRFC 10-3107] analyzing entity 'maquina_botes'
INFO: [USF-XSim-69] 'compile' step finished in '4' seconds
INFO: [USF-XSim-3] XSim::Elaborate design
INFO: [USF-XSim-61] Executing 'ELABORATE' step in 'C:/Users/dsanc/TrabajoVHDLAforo/TrabajoVHDLAforo.sim/sim_1/behav/xsim'
"xelab -wto 77caf6140b714021b595b284422ea139 --incr --debug typical --relax --mt 2 -L xil_defaultlib -L secureip --snapshot cfg_tb_maquina_botes_behav xil_defaultlib.cfg_tb_maquina_botes -log elaborate.log"
Vivado Simulator v2021.1
Copyright 1986-1999, 2001-2021 Xilinx, Inc. All Rights Reserved.
Running: C:/Xilinx/Vivado/2021.1/bin/unwrapped/win64.o/xelab.exe -wto 77caf6140b714021b595b284422ea139 --incr --debug typical --relax --mt 2 -L xil_defaultlib -L secureip --snapshot cfg_tb_maquina_botes_behav xil_defaultlib.cfg_tb_maquina_botes -log elaborate.log 
Using 2 slave threads.
Starting static elaboration
Completed static elaboration
Starting simulation data flow analysis
Completed simulation data flow analysis
Time Resolution for simulation is 1ps
Compiling package std.standard
Compiling package std.textio
Compiling package ieee.std_logic_1164
Compiling package ieee.std_logic_arith
Compiling package ieee.std_logic_unsigned
Compiling architecture behavioral of entity xil_defaultlib.maquina_botes [maquina_botes_default]
Compiling architecture tb of entity xil_defaultlib.tb_maquina_botes [tb_maquina_botes]
Built simulation snapshot cfg_tb_maquina_botes_behav

****** Webtalk v2021.1 (64-bit)
  **** SW Build 3247384 on Thu Jun 10 19:36:33 MDT 2021
  **** IP Build 3246043 on Fri Jun 11 00:30:35 MDT 2021
    ** Copyright 1986-2021 Xilinx, Inc. All Rights Reserved.

source C:/Users/dsanc/TrabajoVHDLAforo/TrabajoVHDLAforo.sim/sim_1/behav/xsim/xsim.dir/cfg_tb_maquina_botes_behav/webtalk/xsim_webtalk.tcl -notrace
INFO: [Common 17-186] 'C:/Users/dsanc/TrabajoVHDLAforo/TrabajoVHDLAforo.sim/sim_1/behav/xsim/xsim.dir/cfg_tb_maquina_botes_behav/webtalk/usage_statistics_ext_xsim.xml' has been successfully sent to Xilinx on Sat Jun 25 17:44:03 2022. For additional details about this file, please refer to the WebTalk help file at C:/Xilinx/Vivado/2021.1/doc/webtalk_introduction.html.
webtalk_transmit: Time (s): cpu = 00:00:00 ; elapsed = 00:00:06 . Memory (MB): peak = 86.223 ; gain = 4.520
INFO: [Common 17-206] Exiting Webtalk at Sat Jun 25 17:44:03 2022...
run_program: Time (s): cpu = 00:00:01 ; elapsed = 00:00:16 . Memory (MB): peak = 1134.895 ; gain = 0.000
INFO: [USF-XSim-69] 'elaborate' step finished in '16' seconds
INFO: [USF-XSim-4] XSim::Simulate design
INFO: [USF-XSim-61] Executing 'SIMULATE' step in 'C:/Users/dsanc/TrabajoVHDLAforo/TrabajoVHDLAforo.sim/sim_1/behav/xsim'
INFO: [USF-XSim-98] *** Running xsim
   with args "cfg_tb_maquina_botes_behav -key {Behavioral:sim_1:Functional:cfg_tb_maquina_botes} -tclbatch {cfg_tb_maquina_botes.tcl} -log {simulate.log}"
INFO: [USF-XSim-8] Loading simulator feature
Time resolution is 1 ps
source cfg_tb_maquina_botes.tcl
# set curr_wave [current_wave_config]
# if { [string length $curr_wave] == 0 } {
#   if { [llength [get_objects]] > 0} {
#     add_wave /
#     set_property needs_save false [current_wave_config]
#   } else {
#      send_msg_id Add_Wave-1 WARNING "No top level signals found. Simulator will start without a wave window. If you want to open a wave window go to 'File->New Waveform Configuration' or type 'create_wave_config' in the TCL console."
#   }
# }
# run 1000ns
INFO: [USF-XSim-96] XSim completed. Design snapshot 'cfg_tb_maquina_botes_behav' loaded.
INFO: [USF-XSim-97] XSim simulation ran for 1000ns
launch_simulation: Time (s): cpu = 00:00:04 ; elapsed = 00:00:23 . Memory (MB): peak = 1134.895 ; gain = 0.000
close_sim
INFO: [Simtcl 6-16] Simulation closed
launch_simulation
Command: launch_simulation 
INFO: [Vivado 12-12493] Simulation top is 'cfg_tb_maquina_botes'
INFO: [Vivado 12-5682] Launching behavioral simulation in 'C:/Users/dsanc/TrabajoVHDLAforo/TrabajoVHDLAforo.sim/sim_1/behav/xsim'
INFO: [SIM-utils-51] Simulation object is 'sim_1'
INFO: [SIM-utils-72] Using boost library from 'C:/Xilinx/Vivado/2021.1/tps/boost_1_72_0'
INFO: [SIM-utils-54] Inspecting design source files for 'cfg_tb_maquina_botes' in fileset 'sim_1'...
INFO: [USF-XSim-97] Finding global include files...
INFO: [USF-XSim-98] Fetching design files from 'sim_1'...
INFO: [USF-XSim-2] XSim::Compile design
INFO: [USF-XSim-61] Executing 'COMPILE and ANALYZE' step in 'C:/Users/dsanc/TrabajoVHDLAforo/TrabajoVHDLAforo.sim/sim_1/behav/xsim'
"xvhdl --incr --relax -prj cfg_tb_maquina_botes_vhdl.prj"
INFO: [VRFC 10-163] Analyzing VHDL file "C:/Users/dsanc/TrabajoVHDLAforo/TrabajoVHDLAforo.srcs/sources_1/new/maquina_botes.vhd" into library xil_defaultlib
INFO: [VRFC 10-3107] analyzing entity 'maquina_botes'
INFO: [USF-XSim-69] 'compile' step finished in '4' seconds
INFO: [USF-XSim-3] XSim::Elaborate design
INFO: [USF-XSim-61] Executing 'ELABORATE' step in 'C:/Users/dsanc/TrabajoVHDLAforo/TrabajoVHDLAforo.sim/sim_1/behav/xsim'
"xelab -wto 77caf6140b714021b595b284422ea139 --incr --debug typical --relax --mt 2 -L xil_defaultlib -L secureip --snapshot cfg_tb_maquina_botes_behav xil_defaultlib.cfg_tb_maquina_botes -log elaborate.log"
Vivado Simulator v2021.1
Copyright 1986-1999, 2001-2021 Xilinx, Inc. All Rights Reserved.
Running: C:/Xilinx/Vivado/2021.1/bin/unwrapped/win64.o/xelab.exe -wto 77caf6140b714021b595b284422ea139 --incr --debug typical --relax --mt 2 -L xil_defaultlib -L secureip --snapshot cfg_tb_maquina_botes_behav xil_defaultlib.cfg_tb_maquina_botes -log elaborate.log 
Using 2 slave threads.
Starting static elaboration
Completed static elaboration
Starting simulation data flow analysis
Completed simulation data flow analysis
Time Resolution for simulation is 1ps
Compiling package std.standard
Compiling package std.textio
Compiling package ieee.std_logic_1164
Compiling package ieee.std_logic_arith
Compiling package ieee.std_logic_unsigned
Compiling architecture behavioral of entity xil_defaultlib.maquina_botes [maquina_botes_default]
Compiling architecture tb of entity xil_defaultlib.tb_maquina_botes [tb_maquina_botes]
Built simulation snapshot cfg_tb_maquina_botes_behav
run_program: Time (s): cpu = 00:00:00 ; elapsed = 00:00:07 . Memory (MB): peak = 1134.895 ; gain = 0.000
INFO: [USF-XSim-69] 'elaborate' step finished in '7' seconds
INFO: [USF-XSim-4] XSim::Simulate design
INFO: [USF-XSim-61] Executing 'SIMULATE' step in 'C:/Users/dsanc/TrabajoVHDLAforo/TrabajoVHDLAforo.sim/sim_1/behav/xsim'
INFO: [USF-XSim-98] *** Running xsim
   with args "cfg_tb_maquina_botes_behav -key {Behavioral:sim_1:Functional:cfg_tb_maquina_botes} -tclbatch {cfg_tb_maquina_botes.tcl} -log {simulate.log}"
INFO: [USF-XSim-8] Loading simulator feature
Time resolution is 1 ps
source cfg_tb_maquina_botes.tcl
# set curr_wave [current_wave_config]
# if { [string length $curr_wave] == 0 } {
#   if { [llength [get_objects]] > 0} {
#     add_wave /
#     set_property needs_save false [current_wave_config]
#   } else {
#      send_msg_id Add_Wave-1 WARNING "No top level signals found. Simulator will start without a wave window. If you want to open a wave window go to 'File->New Waveform Configuration' or type 'create_wave_config' in the TCL console."
#   }
# }
# run 1000ns
INFO: [USF-XSim-96] XSim completed. Design snapshot 'cfg_tb_maquina_botes_behav' loaded.
INFO: [USF-XSim-97] XSim simulation ran for 1000ns
launch_simulation: Time (s): cpu = 00:00:05 ; elapsed = 00:00:15 . Memory (MB): peak = 1134.895 ; gain = 0.000
close_sim
INFO: [Simtcl 6-16] Simulation closed
update_compile_order -fileset sources_1
update_compile_order -fileset sources_1
update_compile_order -fileset sources_1
update_compile_order -fileset sources_1
update_compile_order -fileset sources_1
launch_runs synth_1 -jobs 2
[Sat Jun 25 21:51:27 2022] Launched synth_1...
Run output will be captured here: C:/Users/dsanc/TrabajoVHDLAforo/TrabajoVHDLAforo.runs/synth_1/runme.log
reset_run synth_1
launch_runs synth_1 -jobs 2
[Sat Jun 25 21:54:15 2022] Launched synth_1...
Run output will be captured here: C:/Users/dsanc/TrabajoVHDLAforo/TrabajoVHDLAforo.runs/synth_1/runme.log
reset_run synth_1
launch_runs synth_1 -jobs 2
[Sat Jun 25 22:01:24 2022] Launched synth_1...
Run output will be captured here: C:/Users/dsanc/TrabajoVHDLAforo/TrabajoVHDLAforo.runs/synth_1/runme.log
reset_run synth_1
launch_runs synth_1 -jobs 2
[Sat Jun 25 22:03:43 2022] Launched synth_1...
Run output will be captured here: C:/Users/dsanc/TrabajoVHDLAforo/TrabajoVHDLAforo.runs/synth_1/runme.log
reset_run synth_1
launch_runs synth_1 -jobs 2
[Sat Jun 25 22:07:44 2022] Launched synth_1...
Run output will be captured here: C:/Users/dsanc/TrabajoVHDLAforo/TrabajoVHDLAforo.runs/synth_1/runme.log
reset_run synth_1
launch_runs synth_1 -jobs 2
[Sat Jun 25 22:10:53 2022] Launched synth_1...
Run output will be captured here: C:/Users/dsanc/TrabajoVHDLAforo/TrabajoVHDLAforo.runs/synth_1/runme.log
reset_run synth_1
launch_runs synth_1 -jobs 2
[Sat Jun 25 22:12:45 2022] Launched synth_1...
Run output will be captured here: C:/Users/dsanc/TrabajoVHDLAforo/TrabajoVHDLAforo.runs/synth_1/runme.log
reset_run synth_1
launch_runs synth_1 -jobs 2
[Sat Jun 25 22:18:03 2022] Launched synth_1...
Run output will be captured here: C:/Users/dsanc/TrabajoVHDLAforo/TrabajoVHDLAforo.runs/synth_1/runme.log
exit
INFO: [Common 17-206] Exiting Vivado at Sat Jun 25 22:19:53 2022...
