#-----------------------------------------------------------
# Vivado v2021.1 (64-bit)
# SW Build 3247384 on Thu Jun 10 19:36:33 MDT 2021
# IP Build 3246043 on Fri Jun 11 00:30:35 MDT 2021
# Start of session at: Sat Jun 25 16:22:42 2022
# Process ID: 1473688
# Current directory: C:/Users/dsanc/TrabajoVHDLAforo
# Command line: vivado.exe -gui_launcher_event rodinguilauncherevent1473832 C:\Users\dsanc\TrabajoVHDLAforo\TrabajoVHDLAforo.xpr
# Log file: C:/Users/dsanc/TrabajoVHDLAforo/vivado.log
# Journal file: C:/Users/dsanc/TrabajoVHDLAforo\vivado.jou
#-----------------------------------------------------------
start_gui
open_project C:/Users/dsanc/TrabajoVHDLAforo/TrabajoVHDLAforo.xpr
WARNING: [filemgmt 56-3] Default IP Output Path : Could not find the directory 'C:/Users/dsanc/TrabajoVHDLAforo/TrabajoVHDLAforo.gen/sources_1'.
Scanning sources...
Finished scanning sources
INFO: [IP_Flow 19-234] Refreshing IP repositories
INFO: [IP_Flow 19-1704] No user IP repositories specified
INFO: [IP_Flow 19-2313] Loaded Vivado IP repository 'C:/Xilinx/Vivado/2021.1/data/ip'.
open_project: Time (s): cpu = 00:00:50 ; elapsed = 00:00:39 . Memory (MB): peak = 1124.879 ; gain = 0.000
update_compile_order -fileset sources_1
launch_simulation
Command: launch_simulation 
INFO: [Vivado 12-12493] Simulation top is 'cfg_tb_maquina_botes'
INFO: [Vivado 12-5682] Launching behavioral simulation in 'C:/Users/dsanc/TrabajoVHDLAforo/TrabajoVHDLAforo.sim/sim_1/behav/xsim'
INFO: [SIM-utils-51] Simulation object is 'sim_1'
INFO: [SIM-utils-72] Using boost library from 'C:/Xilinx/Vivado/2021.1/tps/boost_1_72_0'
INFO: [SIM-utils-54] Inspecting design source files for 'cfg_tb_maquina_botes' in fileset 'sim_1'...
INFO: [USF-XSim-97] Finding global include files...
INFO: [USF-XSim-98] Fetching design files from 'sim_1'...
INFO: [USF-XSim-2] XSim::Compile design
INFO: [USF-XSim-61] Executing 'COMPILE and ANALYZE' step in 'C:/Users/dsanc/TrabajoVHDLAforo/TrabajoVHDLAforo.sim/sim_1/behav/xsim'
"xvhdl --incr --relax -prj cfg_tb_maquina_botes_vhdl.prj"
INFO: [USF-XSim-69] 'compile' step finished in '5' seconds
INFO: [USF-XSim-3] XSim::Elaborate design
INFO: [USF-XSim-61] Executing 'ELABORATE' step in 'C:/Users/dsanc/TrabajoVHDLAforo/TrabajoVHDLAforo.sim/sim_1/behav/xsim'
"xelab -wto 77caf6140b714021b595b284422ea139 --incr --debug typical --relax --mt 2 -L xil_defaultlib -L secureip --snapshot cfg_tb_maquina_botes_behav xil_defaultlib.cfg_tb_maquina_botes -log elaborate.log"
Vivado Simulator v2021.1
Copyright 1986-1999, 2001-2021 Xilinx, Inc. All Rights Reserved.
Running: C:/Xilinx/Vivado/2021.1/bin/unwrapped/win64.o/xelab.exe -wto 77caf6140b714021b595b284422ea139 --incr --debug typical --relax --mt 2 -L xil_defaultlib -L secureip --snapshot cfg_tb_maquina_botes_behav xil_defaultlib.cfg_tb_maquina_botes -log elaborate.log 
Using 2 slave threads.
Starting static elaboration
Completed static elaboration
INFO: [XSIM 43-4323] No Change in HDL. Linking previously generated obj files to create kernel
run_program: Time (s): cpu = 00:00:01 ; elapsed = 00:00:08 . Memory (MB): peak = 1124.879 ; gain = 0.000
INFO: [USF-XSim-69] 'elaborate' step finished in '8' seconds
INFO: [USF-XSim-4] XSim::Simulate design
INFO: [USF-XSim-61] Executing 'SIMULATE' step in 'C:/Users/dsanc/TrabajoVHDLAforo/TrabajoVHDLAforo.sim/sim_1/behav/xsim'
INFO: [USF-XSim-98] *** Running xsim
   with args "cfg_tb_maquina_botes_behav -key {Behavioral:sim_1:Functional:cfg_tb_maquina_botes} -tclbatch {cfg_tb_maquina_botes.tcl} -log {simulate.log}"
INFO: [USF-XSim-8] Loading simulator feature
Time resolution is 1 ps
source cfg_tb_maquina_botes.tcl
# set curr_wave [current_wave_config]
# if { [string length $curr_wave] == 0 } {
#   if { [llength [get_objects]] > 0} {
#     add_wave /
#     set_property needs_save false [current_wave_config]
#   } else {
#      send_msg_id Add_Wave-1 WARNING "No top level signals found. Simulator will start without a wave window. If you want to open a wave window go to 'File->New Waveform Configuration' or type 'create_wave_config' in the TCL console."
#   }
# }
# run 1000ns
xsim: Time (s): cpu = 00:00:12 ; elapsed = 00:00:06 . Memory (MB): peak = 1124.879 ; gain = 0.000
INFO: [USF-XSim-96] XSim completed. Design snapshot 'cfg_tb_maquina_botes_behav' loaded.
INFO: [USF-XSim-97] XSim simulation ran for 1000ns
launch_simulation: Time (s): cpu = 00:00:17 ; elapsed = 00:00:21 . Memory (MB): peak = 1124.879 ; gain = 0.000
close_sim
INFO: [Simtcl 6-16] Simulation closed
exit
INFO: [Common 17-206] Exiting Vivado at Sat Jun 25 17:05:25 2022...
