#-----------------------------------------------------------
# Vivado v2021.1 (64-bit)
# SW Build 3247384 on Thu Jun 10 19:36:33 MDT 2021
# IP Build 3246043 on Fri Jun 11 00:30:35 MDT 2021
# Start of session at: Mon Jun 27 04:54:17 2022
# Process ID: 1810920
# Current directory: C:/Users/dsanc/TrabajoVHDLAforo
# Command line: vivado.exe -gui_launcher_event rodinguilauncherevent1810436 C:\Users\dsanc\TrabajoVHDLAforo\TrabajoVHDLAforo.xpr
# Log file: C:/Users/dsanc/TrabajoVHDLAforo/vivado.log
# Journal file: C:/Users/dsanc/TrabajoVHDLAforo\vivado.jou
#-----------------------------------------------------------
start_gui
open_project C:/Users/dsanc/TrabajoVHDLAforo/TrabajoVHDLAforo.xpr
WARNING: [filemgmt 56-3] Default IP Output Path : Could not find the directory 'C:/Users/dsanc/TrabajoVHDLAforo/TrabajoVHDLAforo.gen/sources_1'.
Scanning sources...
Finished scanning sources
INFO: [IP_Flow 19-234] Refreshing IP repositories
INFO: [IP_Flow 19-1704] No user IP repositories specified
INFO: [IP_Flow 19-2313] Loaded Vivado IP repository 'C:/Xilinx/Vivado/2021.1/data/ip'.
open_project: Time (s): cpu = 00:00:41 ; elapsed = 00:00:31 . Memory (MB): peak = 1135.434 ; gain = 0.000
update_compile_order -fileset sources_1
exit
INFO: [Common 17-206] Exiting Vivado at Mon Jun 27 05:47:08 2022...
