#-----------------------------------------------------------
# Vivado v2021.1 (64-bit)
# SW Build 3247384 on Thu Jun 10 19:36:33 MDT 2021
# IP Build 3246043 on Fri Jun 11 00:30:35 MDT 2021
# Start of session at: Sat Jun 25 17:14:43 2022
# Process ID: 1486772
# Current directory: C:/Users/dsanc/OneDrive/Documentos/GitHub/AforoVHDL/TrabajoVHDLAforo
# Command line: vivado.exe -gui_launcher_event rodinguilauncherevent1486428 C:\Users\dsanc\OneDrive\Documentos\GitHub\AforoVHDL\TrabajoVHDLAforo\TrabajoVHDLAforo.xpr
# Log file: C:/Users/dsanc/OneDrive/Documentos/GitHub/AforoVHDL/TrabajoVHDLAforo/vivado.log
# Journal file: C:/Users/dsanc/OneDrive/Documentos/GitHub/AforoVHDL/TrabajoVHDLAforo\vivado.jou
#-----------------------------------------------------------
start_gui
open_project C:/Users/dsanc/OneDrive/Documentos/GitHub/AforoVHDL/TrabajoVHDLAforo/TrabajoVHDLAforo.xpr
INFO: [Common 17-41] Interrupt caught. Command should exit soon.
INFO: [Common 17-344] 'open_project' was cancelled
exit
INFO: [Common 17-206] Exiting Vivado at Sat Jun 25 17:16:45 2022...
nc/OneDrive/Documentos/GitHub/AforoVHDL/TrabajoVHDLAforo/TrabajoVHDLAforo.gen/sources_1', nor could it be found using path 'C:/Users/dsanc/TrabajoVHDLAforo/TrabajoVHDLAforo.gen/sources_1'.
WARNING: [Project 1-312] File not found as 'C:/Users/dsanc/OneDrive/Documentos/GitHub/AforoVHDL/Desktop/UNI/Trabajo_Bitbucket/Parking_VHDL/Parking_VHDL.srcs/sources_1/new/EDGEDTCTR.vhd'; using path 'C:/Users/dsanc/Desktop/UNI/Trabajo_Bitbucket/Parking_VHDL/Parking_VHDL.srcs/sources_1/new/EDGEDTCTR.vhd' instead.
WARNING: [Project 1-312] File not found as 'C:/Users/dsanc/OneDrive/Documentos/GitHub/AforoVHDL/Desktop/UNI/Trabajo_Bitbucket/Parking_VHDL/Parking_VHDL.srcs/sources_1/new/SYNCHRNZR.vhd'; using path 'C:/Users/dsanc/Desktop/UNI/Trabajo_Bitbucket/Parking_VHDL/Parking_VHDL.srcs/sources_1/new/SYNCHRNZR.vhd' instead.
WARNING: [Project 1-312] File not found as 'C:/Users/dsanc/OneDrive/Documentos/GitHub/AforoVHDL/Desktop/UNI/Trabajo_Bitbucket/Parking_VHDL/Parking_VHDL.srcs/sources_1/new/decoder.vhd'; using path 'C:/Users/dsanc/Desktop/UNI/Trabajo_Bitbucket/Parking_VHDL/Parking_VHDL.srcs/sources_1/new/decoder.vhd' instead.
WARNING: [Project 1-312] File not found as 'C:/Users/dsanc/OneDrive/Documentos/GitHub/AforoVHDL/TresEnRaya/Nexys-4-DDR-Master.xdc'; using path 'C:/Users/dsanc/TresEnRaya/Nexys-4-DDR-Master.xdc' instead.
Scanning sources...
Finished scanning sources
INFO: [IP_Flow 19-234] Refreshing IP repositories
INFO: [IP_Flow 19-1704] No user IP repositories specified
INFO: [IP_Flow 19-2313] Loaded Vivado IP repository 'C:/Xilinx/Vivado/2021.1/data/ip'.
open_project: Time (s): cpu = 00:00:47 ; elapsed = 00:00:48 . Memory (MB): peak = 1137.488 ; gain = 0.000
update_compile_order -fileset sources_1
exit
INFO: [Common 17-206] Exiting Vivado at Sat Jun 25 17:23:57 2022...
